0 info it worked if it ends with ok
1 verbose cli [ '/usr/local/bin/node', '/usr/local/bin/npm', 'install' ]
2 info using npm@1.1.44
3 info using node@v0.9.0
4 verbose config file /root/.npmrc
5 verbose config file /usr/local/etc/npmrc
6 verbose config file /usr/local/lib/node_modules/npm/npmrc
7 verbose read json /home/wwwroot/sites/www.blog.com/package.json
8 error install Couldn't read dependencies
9 error Error: No 'name' field
9 error     at validName (/usr/local/lib/node_modules/npm/node_modules/read-package-json/read-json.js:493:40)
9 error     at final (/usr/local/lib/node_modules/npm/node_modules/read-package-json/read-json.js:283:27)
9 error     at /usr/local/lib/node_modules/npm/node_modules/read-package-json/read-json.js:115:33
9 error     at cb (/usr/local/lib/node_modules/npm/node_modules/slide/lib/async-map.js:48:11)
9 error     at /usr/local/lib/node_modules/npm/node_modules/read-package-json/read-json.js:237:40
9 error     at fs.readFile (fs.js:176:14)
9 error     at fs.close (/usr/local/lib/node_modules/npm/node_modules/graceful-fs/graceful-fs.js:94:5)
9 error     at Object.oncomplete (fs.js:297:15)
9 error     at process.startup.processMakeCallback.process._makeCallback (node.js:238:20)
10 error If you need help, you may report this log at:
10 error     <http://github.com/isaacs/npm/issues>
10 error or email it to:
10 error     <npm-@googlegroups.com>
11 error System Linux 4.9.20-11.31.amzn1.x86_64
12 error command "/usr/local/bin/node" "/usr/local/bin/npm" "install"
13 error cwd /home/wwwroot/sites/www.blog.com
14 error node -v v0.9.0
15 error npm -v 1.1.44
16 verbose exit [ 1, true ]
